Using pre-set license
Built from '2020.3/china_unity/release' branch; Version is '2020.3.10f1c1 (65978a05d4e9) revision 6657930'; Using compiler version '192528614'; Build Type 'Release'
OS: 'Windows 10 Home China; OS build 19042.1052; Version 2009; 64bit' Language: 'zh' Physical Memory: 7627 MB
BatchMode: 1, IsHumanControllingUs: 0, StartBugReporterOnCrash: 0, Is64bit: 1, IsPro: 0

 COMMAND LINE ARGUMENTS:
C:\Program Files\Unity\Hub\Editor\2020.3.10f1c1\Editor\Unity.exe
-adb2
-batchMode
-noUpm
-name
AssetImportWorker0
-projectPath
C:/Users/CPP/Desktop/Game/unity/New Unity Project
-logFile
Logs/AssetImportWorker0.log
-srvPort
61565
Successfully changed project path to: C:/Users/CPP/Desktop/Game/unity/New Unity Project
C:/Users/CPP/Desktop/Game/unity/New Unity Project
Using Asset Import Pipeline V2.
Refreshing native plugins compatible for Editor in 573.05 ms, found 2 plugins.
Preloading 0 native plugins for Editor in 0.00 ms.
Initialize engine version: 2020.3.10f1c1 (65978a05d4e9)
[Subsystems] Discovering subsystems at path C:/Program Files/Unity/Hub/Editor/2020.3.10f1c1/Editor/Data/Resources/UnitySubsystems
[Subsystems] Discovering subsystems at path C:/Users/CPP/Desktop/Game/unity/New Unity Project/Assets
GfxDevice: creating device client; threaded=0
Direct3D:
    Version:  Direct3D 11.0 [level 11.1]
    Renderer: AMD Radeon R6 Graphics (ID=0x9874)
    Vendor:   
    VRAM:     3813 MB
    Driver:   27.20.1034.6
Initialize mono
Mono path[0] = 'C:/Program Files/Unity/Hub/Editor/2020.3.10f1c1/Editor/Data/Managed'
Mono path[1] = 'C:/Program Files/Unity/Hub/Editor/2020.3.10f1c1/Editor/Data/MonoBleedingEdge/lib/mono/unityjit'
Mono config path = 'C:/Program Files/Unity/Hub/Editor/2020.3.10f1c1/Editor/Data/MonoBleedingEdge/etc'
Using monoOptions --debugger-agent=transport=dt_socket,embedding=1,server=y,suspend=n,address=127.0.0.1:56204
Begin MonoManager ReloadAssembly
Registering precompiled unity dll's ...
Register platform support module: C:/Program Files/Unity/Hub/Editor/2020.3.10f1c1/Editor/Data/PlaybackEngines/WindowsStandaloneSupport/UnityEditor.WindowsStandalone.Extensions.dll
Registered in 0.036215 seconds.
Native extension for WindowsStandalone target not found
Refreshing native plugins compatible for Editor in 322.01 ms, found 2 plugins.
Preloading 0 native plugins for Editor in 0.00 ms.
Mono: successfully reloaded assembly
- Completed reload, in  7.419 seconds
Platform modules already initialized, skipping
Registering precompiled user dll's ...
Registered in 0.041090 seconds.
Begin MonoManager ReloadAssembly
Native extension for WindowsStandalone target not found
Refreshing native plugins compatible for Editor in 2.19 ms, found 2 plugins.
Preloading 0 native plugins for Editor in 0.00 ms.
Mono: successfully reloaded assembly
- Completed reload, in  4.941 seconds
Platform modules already initialized, skipping
========================================================================
Worker process is ready to serve import requests
Launched and connected shader compiler UnityShaderCompiler.exe after 0.38 seconds
Refreshing native plugins compatible for Editor in 4.99 ms, found 2 plugins.
Preloading 0 native plugins for Editor in 0.00 ms.
Unloading 1947 Unused Serialized files (Serialized files now loaded: 0)
System memory in use before: 82.0 MB.
System memory in use after: 82.1 MB.

Unloading 58 unused Assets to reduce memory usage. Loaded Objects now: 2360.
Total: 25.681200 ms (FindLiveObjects: 0.625400 ms CreateObjectMapping: 0.265200 ms MarkObjects: 24.469600 ms  DeleteObjects: 0.315700 ms)

========================================================================
Received Import Request.
  path: Assets/test.prefab
  artifactKey: Guid(b22ac9ef39bbab240a0c09578b84445b) Importer(815301076,1909f56bfc062723c751e8b465ee728b)
Start importing Assets/test.prefab using Guid(b22ac9ef39bbab240a0c09578b84445b) Importer(815301076,1909f56bfc062723c751e8b465ee728b)  -> (artifact id: 'd264a025568fd4cd9d82250aec981af4') in 0.332592 seconds
  Import took 0.367804 seconds .

========================================================================
Received Import Request.
  Time since last request: 804.065293 seconds.
  path: Assets/bulletin.cs
  artifactKey: Guid(9465eb3d2b499134096191cc09119a17) Importer(815301076,1909f56bfc062723c751e8b465ee728b)
Start importing Assets/bulletin.cs using Guid(9465eb3d2b499134096191cc09119a17) Importer(815301076,1909f56bfc062723c751e8b465ee728b)  -> (artifact id: 'da7d824db45c83e0a9ea983397e959c3') in 0.273800 seconds
  Import took 0.417459 seconds .

========================================================================
Received Prepare
Registering precompiled user dll's ...
Registered in 0.248547 seconds.
Begin MonoManager ReloadAssembly
Native extension for WindowsStandalone target not found
Refreshing native plugins compatible for Editor in 3.28 ms, found 2 plugins.
Preloading 0 native plugins for Editor in 0.00 ms.
Mono: successfully reloaded assembly
- Completed reload, in 10.547 seconds
Platform modules already initialized, skipping
Refreshing native plugins compatible for Editor in 2.07 ms, found 2 plugins.
Preloading 0 native plugins for Editor in 0.00 ms.
Unloading 1941 Unused Serialized files (Serialized files now loaded: 0)
System memory in use before: 81.8 MB.
System memory in use after: 81.9 MB.

Unloading 49 unused Assets to reduce memory usage. Loaded Objects now: 2363.
Total: 20.539400 ms (FindLiveObjects: 0.596000 ms CreateObjectMapping: 0.159100 ms MarkObjects: 19.682700 ms  DeleteObjects: 0.097400 ms)

========================================================================
Received Prepare
Registering precompiled user dll's ...
Registered in 0.735788 seconds.
Begin MonoManager ReloadAssembly
Native extension for WindowsStandalone target not found
Refreshing native plugins compatible for Editor in 3.64 ms, found 2 plugins.
Preloading 0 native plugins for Editor in 0.00 ms.
Mono: successfully reloaded assembly
- Completed reload, in 15.292 seconds
Platform modules already initialized, skipping
Refreshing native plugins compatible for Editor in 15.14 ms, found 2 plugins.
Preloading 0 native plugins for Editor in 0.00 ms.
Unloading 1941 Unused Serialized files (Serialized files now loaded: 0)
System memory in use before: 81.8 MB.
System memory in use after: 81.9 MB.

Unloading 49 unused Assets to reduce memory usage. Loaded Objects now: 2366.
Total: 78.323300 ms (FindLiveObjects: 3.510400 ms CreateObjectMapping: 2.986100 ms MarkObjects: 71.712200 ms  DeleteObjects: 0.108200 ms)

AssetImportWorkerClient::OnTransportError - code=2 error=End of file
